{'extraCredit': 0,
 'fatalError': False,
 'maxExtraCredit': 0,
 'maxTotalPoints': 3,
 'messages': [],
 'mode': 'auto',
 'parts': [{'description': 'Tests minimax for timeout on smallClassic.',
            'extraCredit': False,
            'maxPoints': 1,
            'maxSeconds': 10,
            'messages': [],
            'name': '1a-1-basic',
            'points': 1,
            'seconds': 0},
           {'description': 'Tests minimax',
            'extraCredit': False,
            'maxPoints': 5,
            'maxSeconds': 10,
            'messages': [],
            'name': '1a-2-hidden',
            'points': 0,
            'seconds': 0},
           {'description': 'Tests alphabeta for timeout on smallClassic.',
            'extraCredit': False,
            'maxPoints': 1,
            'maxSeconds': 5,
            'messages': [],
            'name': '2b-1-basic',
            'points': 1,
            'seconds': 0},
           {'description': 'Tests alphabeta',
            'extraCredit': False,
            'maxPoints': 5,
            'maxSeconds': 10,
            'messages': [],
            'name': '2b-2-hidden',
            'points': 0,
            'seconds': 0},
           {'description': 'Tests expectimax for timeout on smallClassic.',
            'extraCredit': False,
            'maxPoints': 1,
            'maxSeconds': 10,
            'messages': [],
            'name': '3a-1-basic',
            'points': 1,
            'seconds': 0},
           {'description': 'Tests expectimax',
            'extraCredit': False,
            'maxPoints': 5,
            'maxSeconds': 10,
            'messages': [],
            'name': '3a-2-hidden',
            'points': 0,
            'seconds': 0},
           {'description': 'Check if score at least 700 on smallClassic.',
            'extraCredit': False,
            'maxPoints': 0,
            'maxSeconds': 300,
            'messages': [],
            'name': '4a-1-hidden',
            'points': 0,
            'seconds': 2,
            'side': {'score': 1164.85}},
           {'description': 'Check if score at least 1000 on smallClassic.',
            'extraCredit': False,
            'maxPoints': 0,
            'maxSeconds': 300,
            'messages': [],
            'name': '4a-2-hidden',
            'points': 0,
            'seconds': 0},
           {'description': 'Check if score at least 1200 on smallClassic.',
            'extraCredit': False,
            'maxPoints': 0,
            'maxSeconds': 300,
            'messages': [],
            'name': '4a-3-hidden',
            'points': 0,
            'seconds': 0},
           {'description': 'Check if score at least 1400 on smallClassic.',
            'extraCredit': False,
            'maxPoints': 0,
            'maxSeconds': 300,
            'messages': [],
            'name': '4a-4-hidden',
            'points': 0,
            'seconds': 0},
           {'description': 'Check if score at least 1500 on smallClassic.',
            'extraCredit': False,
            'maxPoints': 5,
            'maxSeconds': 300,
            'messages': [],
            'name': '4a-5-hidden',
            'points': 0,
            'seconds': 0}],
 'totalPoints': 3}
